Arguments: 
  C:\Program Files\nodejs\node.exe C:\Users\ewsgi\AppData\Roaming\npm\node_modules\yarn\bin\yarn.js add @three/addons

PATH: 
  C:\Program Files\Git\mingw64\bin;C:\Program Files\Git\usr\bin;C:\Users\ewsgi\bin;C:\Program Files (x86)\Razer\ChromaBroadcast\bin;C:\Program Files\Razer\ChromaBroadcast\bin;C:\Program Files\NVIDIA GPU Computing Toolkit\CUDA\v11.3\bin;C:\Program Files\NVIDIA GPU Computing Toolkit\CUDA\v11.3\libnvvp;C:\Windows\system32;C:\Windows;C:\Windows\System32\Wbem;C:\Windows\System32\WindowsPowerShell\v1.0;C:\Windows\System32\OpenSSH;C:\Program Files\dotnet;C:\Program Files (x86)\NVIDIA Corporation\PhysX\Common;C:\Program Files\NVIDIA Corporation\NVIDIA NvDLISR;C:\Program Files\PowerShell\7;C:\ProgramData\chocolatey\bin;C:\Program Files\Git\cmd;C:\Program Files\Cloudflare\Cloudflare WARP;C:\Program Files\nodejs;C:\Program Files\NVIDIA Corporation\Nsight Compute 2021.1.0;C:\Windows\system32\config\systemprofile\AppData\Local\Microsoft\WindowsApps;C:\Users\ewsgi\AppData\Local\Programs\Python\Python310\Scripts;C:\Users\ewsgi\AppData\Local\Programs\Python\Python310;C:\Users\ewsgi\AppData\Local\pnpm;C:\Users\ewsgi\AppData\Local\Programs\Python\Python37\Scripts;C:\Users\ewsgi\AppData\Local\Programs\Python\Python37;C:\Users\ewsgi\AppData\Local\Programs\Python\Python311\Scripts;C:\Users\ewsgi\AppData\Local\Programs\Python\Python311;C:\Users\ewsgi\AppData\Local\Microsoft\WindowsApps;C:\Users\ewsgi\AppData\Local\JetBrains\Toolbox\scripts;C:\Users\ewsgi\AppData\Local\Programs\oh-my-posh\bin;C:\Users\ewsgi\AppData\Roaming\npm;C:\Users\ewsgi\AppData\Local\mkcert;C:\Users\ewsgi\WebstormProjects\opencade-engine\node_modules\.bin

Yarn version: 
  1.22.19

Node version: 
  19.8.1

Platform: 
  win32 x64

Trace: 
  Error: https://registry.yarnpkg.com/@three%2faddons: Not found
      at params.callback [as _callback] (C:\Users\ewsgi\AppData\Roaming\npm\node_modules\yarn\lib\cli.js:66145:18)
      at self.callback (C:\Users\ewsgi\AppData\Roaming\npm\node_modules\yarn\lib\cli.js:140890:22)
      at Request.emit (node:events:512:28)
      at Request.<anonymous> (C:\Users\ewsgi\AppData\Roaming\npm\node_modules\yarn\lib\cli.js:141862:10)
      at Request.emit (node:events:512:28)
      at IncomingMessage.<anonymous> (C:\Users\ewsgi\AppData\Roaming\npm\node_modules\yarn\lib\cli.js:141784:12)
      at Object.onceWrapper (node:events:626:28)
      at IncomingMessage.emit (node:events:524:35)
      at endReadableNT (node:internal/streams/readable:1359:12)
      at process.processTicksAndRejections (node:internal/process/task_queues:82:21)

npm manifest: 
  {
    "name": "fcengine",
    "version": "0.0.1",
    "description": "The freecade game engine",
    "main": "index.js",
    "repository": "https://github.com/ewsgit/fcengine",
    "type": "module",
    "author": "Ewsgit",
    "license": "MIT",
    "private": false,
    "dependencies": {
      "@types/three": "^0.150.2",
      "gl-matrix": "^3.4.3",
      "three": "^0.151.3",
      "typescript": "^4.9.4"
    }
  }

yarn manifest: 
  No manifest

Lockfile: 
  # THIS IS AN AUTOGENERATED FILE. DO NOT EDIT THIS FILE DIRECTLY.
  # yarn lockfile v1
  
  
  "@types/stats.js@*":
    version "0.17.0"
    resolved "https://registry.yarnpkg.com/@types/stats.js/-/stats.js-0.17.0.tgz#0ed81d48e03b590c24da85540c1d952077a9fe20"
    integrity sha512-9w+a7bR8PeB0dCT/HBULU2fMqf6BAzvKbxFboYhmDtDkKPiyXYbjoe2auwsXlEFI7CFNMF1dCv3dFH5Poy9R1w==
  
  "@types/three@^0.150.2":
    version "0.150.2"
    resolved "https://registry.yarnpkg.com/@types/three/-/three-0.150.2.tgz#6f36b299a3d21416cc07342cc87accffbde32db4"
    integrity sha512-cvcz/81Mmj4oiAA+uxzwaRK3t8lYw8WxejXKqIBfu6PqvwSAEEiCi3VfCiVY18UflBqL0LDX/za85+sfqjMoIw==
    dependencies:
      "@types/stats.js" "*"
      "@types/webxr" "*"
      fflate "~0.6.9"
      lil-gui "~0.17.0"
  
  "@types/webxr@*":
    version "0.5.1"
    resolved "https://registry.yarnpkg.com/@types/webxr/-/webxr-0.5.1.tgz#4908349419104bd476a4252d04e4c3abb496748d"
    integrity sha512-xlFXPfgJR5vIuDefhaHuUM9uUgvPaXB6GKdXy2gdEh8gBWQZ2ul24AJz3foUd8NNKlSTQuWYJpCb1/pL81m1KQ==
  
  fflate@~0.6.9:
    version "0.6.10"
    resolved "https://registry.yarnpkg.com/fflate/-/fflate-0.6.10.tgz#5f40f9659205936a2d18abf88b2e7781662b6d43"
    integrity sha512-IQrh3lEPM93wVCEczc9SaAOvkmcoQn/G8Bo1e8ZPlY3X3bnAxWaBdvTdvM1hP62iZp0BXWDy4vTAy4fF0+Dlpg==
  
  gl-matrix@^3.4.3:
    version "3.4.3"
    resolved "https://registry.yarnpkg.com/gl-matrix/-/gl-matrix-3.4.3.tgz#fc1191e8320009fd4d20e9339595c6041ddc22c9"
    integrity sha512-wcCp8vu8FT22BnvKVPjXa/ICBWRq/zjFfdofZy1WSpQZpphblv12/bOQLBC1rMM7SGOFS9ltVmKOHil5+Ml7gA==
  
  lil-gui@~0.17.0:
    version "0.17.0"
    resolved "https://registry.yarnpkg.com/lil-gui/-/lil-gui-0.17.0.tgz#b41ae55d0023fcd9185f7395a218db0f58189663"
    integrity sha512-MVBHmgY+uEbmJNApAaPbtvNh1RCAeMnKym82SBjtp5rODTYKWtM+MXHCifLe2H2Ti1HuBGBtK/5SyG4ShQ3pUQ==
  
  three@^0.151.3:
    version "0.151.3"
    resolved "https://registry.yarnpkg.com/three/-/three-0.151.3.tgz#0b3c7de4b070d5b66b15217f42465d67cbfa6004"
    integrity sha512-+vbuqxFy8kzLeO5MgpBHUvP/EAiecaDwDuOPPDe6SbrZr96kccF0ktLngXc7xA7bzyd3N0t2f6mw3Z9y6JCojQ==
  
  typescript@^4.9.4:
    version "4.9.4"
    resolved "https://registry.yarnpkg.com/typescript/-/typescript-4.9.4.tgz#a2a3d2756c079abda241d75f149df9d561091e78"
    integrity sha512-Uz+dTXYzxXXbsFpM86Wh3dKCxrQqUcVMxwU54orwlJjOpO3ao8L7j5lH+dWfTwgCwIuM9GQ2kvVotzYJMXTBZg==
